<?xml version="1.0" encoding="UTF-8"?>
<!-- Generated by org.testng.reporters.JUnitReportReporter -->
<testsuite hostname="STODOROV" failures="0" tests="4" name="LoginFormTest" time="13.931" errors="0" timestamp="2025-02-24T18:03:32 EET" skipped="0">
  <testcase classname="LoginFormTest" name="LoginWithValidCredentials" time="4.121"/>
  <testcase classname="LoginFormTest" name="LoginWithInvalidCredentials" time="4.084"/>
  <testcase classname="LoginFormTest" name="RegisterLink" time="2.386"/>
  <testcase classname="LoginFormTest" name="LoginWithEmptyCredentials" time="3.340"/>
</testsuite> <!-- LoginFormTest -->
