<?xml version="1.0" encoding="UTF-8"?>
<!-- Generated by org.testng.reporters.JUnitReportReporter -->
<testsuite hostname="STODOROV" failures="0" tests="3" name="CreateNewEventTest" time="22.509" errors="0" timestamp="2025-02-24T18:03:32 EET" skipped="0">
  <testcase classname="CreateNewEventTest" name="TestingTheNameField2" time="7.359"/>
  <testcase classname="CreateNewEventTest" name="TestingTheNameField3" time="7.538"/>
  <testcase classname="CreateNewEventTest" name="TestingTheNameField50" time="7.612"/>
</testsuite> <!-- CreateNewEventTest -->
